TN:
SF:src\components\TodoBoard\StepList.tsx
FN:9,(anonymous_10)
FN:14,(anonymous_11)
FN:28,(anonymous_12)
FN:33,(anonymous_13)
FN:42,(anonymous_14)
FN:45,(anonymous_15)
FNF:6
FNH:6
FNDA:21,(anonymous_10)
FNDA:1,(anonymous_11)
FNDA:42,(anonymous_12)
FNDA:1,(anonymous_13)
FNDA:16,(anonymous_14)
FNDA:1,(anonymous_15)
DA:1,1
DA:3,1
DA:4,1
DA:5,1
DA:7,1
DA:9,1
DA:11,21
DA:12,21
DA:14,21
DA:15,1
DA:20,1
DA:21,1
DA:26,21
DA:29,42
DA:33,1
DA:42,16
DA:45,1
DA:46,1
LF:18
LH:18
BRDA:45,0,0,1
BRF:1
BRH:1
end_of_record
TN:
SF:src\features\steps\stepApi.ts
FN:6,(anonymous_1)
FN:12,(anonymous_2)
FNF:2
FNH:0
FNDA:0,(anonymous_1)
FNDA:0,(anonymous_2)
DA:1,1
DA:4,1
DA:6,1
DA:7,0
DA:8,0
DA:9,0
DA:12,1
LF:7
LH:4
BRF:0
BRH:0
end_of_record
TN:
SF:src\features\todos\TodosApi.ts
FN:6,(anonymous_1)
FN:7,(anonymous_2)
FN:8,(anonymous_3)
FN:12,(anonymous_4)
FNF:4
FNH:0
FNDA:0,(anonymous_1)
FNDA:0,(anonymous_2)
FNDA:0,(anonymous_3)
FNDA:0,(anonymous_4)
DA:1,1
DA:4,1
DA:6,1
DA:7,1
DA:8,1
DA:9,0
DA:10,0
DA:12,1
LF:8
LH:6
BRF:0
BRH:0
end_of_record
TN:
SF:src\features\todos\todosSlice.ts
FN:26,(anonymous_9)
FN:30,(anonymous_10)
FN:32,(anonymous_11)
FN:35,(anonymous_12)
FN:38,(anonymous_13)
FN:39,(anonymous_14)
FN:44,(anonymous_15)
FN:45,(anonymous_16)
FN:50,(anonymous_17)
FN:52,(anonymous_18)
FN:61,(anonymous_19)
FN:64,(anonymous_20)
FN:68,(anonymous_21)
FNF:13
FNH:0
FNDA:0,(anonymous_9)
FNDA:0,(anonymous_10)
FNDA:0,(anonymous_11)
FNDA:0,(anonymous_12)
FNDA:0,(anonymous_13)
FNDA:0,(anonymous_14)
FNDA:0,(anonymous_15)
FNDA:0,(anonymous_16)
FNDA:0,(anonymous_17)
FNDA:0,(anonymous_18)
FNDA:0,(anonymous_19)
FNDA:0,(anonymous_20)
FNDA:0,(anonymous_21)
DA:1,1
DA:3,1
DA:4,1
DA:6,1
DA:7,1
DA:8,1
DA:9,1
DA:10,1
DA:11,1
DA:17,1
DA:22,1
DA:27,0
DA:31,0
DA:33,0
DA:36,0
DA:39,0
DA:40,0
DA:41,0
DA:45,0
DA:46,0
DA:51,0
DA:52,0
DA:54,0
DA:55,0
DA:57,0
DA:58,0
DA:62,0
DA:63,0
DA:64,0
DA:66,0
DA:67,0
DA:68,0
DA:70,0
DA:71,0
DA:79,1
DA:80,1
LF:36
LH:13
BRDA:40,0,0,0
BRDA:46,1,0,0
BRDA:54,2,0,0
BRDA:55,3,0,0
BRDA:55,3,1,0
BRDA:57,4,0,0
BRDA:57,5,0,0
BRDA:57,5,1,0
BRDA:57,5,2,0
BRDA:67,6,0,0
BRDA:67,7,0,0
BRDA:67,7,1,0
BRDA:70,8,0,0
BRDA:70,9,0,0
BRDA:70,9,1,0
BRDA:70,9,2,0
BRF:16
BRH:0
end_of_record
